<?xml version="1.0" encoding="UTF-8"?>
<!-- Generated by org.testng.reporters.JUnitReportReporter -->
<testsuite hostname="DESKTOP-NHPRK1V" failures="0" tests="1" name="com.pageObjects.Practice" time="3.315" errors="0" timestamp="2024-08-24T11:30:38 IST" skipped="0">
  <testcase classname="com.pageObjects.Practice" name="action" time="3.315"/>
</testsuite> <!-- com.pageObjects.Practice -->
