<?xml version="1.0" encoding="UTF-8"?>
<!-- Generated by org.testng.reporters.JUnitReportReporter -->
<testsuite hostname="DESKTOP-NHPRK1V" failures="0" tests="5" name="com.testCases.LoginDDT" time="27.325" errors="0" timestamp="2024-08-31T14:19:45 IST" skipped="0">
  <testcase classname="com.testCases.LoginDDT" name="verify_loginddt" time="2.249"/>
  <testcase classname="com.testCases.LoginDDT" name="verify_loginddt" time="11.504"/>
  <testcase classname="com.testCases.LoginDDT" name="verify_loginddt" time="3.054"/>
  <testcase classname="com.testCases.LoginDDT" name="verify_loginddt" time="7.607"/>
  <testcase classname="com.testCases.LoginDDT" name="verify_loginddt" time="2.911"/>
</testsuite> <!-- com.testCases.LoginDDT -->
