<?xml version="1.0" encoding="UTF-8"?>
<!-- Generated by org.testng.reporters.JUnitReportReporter -->
<testsuite hostname="DESKTOP-NHPRK1V" failures="0" tests="1" name="com.testCases.LoginTest" time="3.460" errors="0" timestamp="2024-09-09T18:43:51 IST" skipped="0">
  <testcase classname="com.testCases.LoginTest" name="verify_login" time="3.460"/>
</testsuite> <!-- com.testCases.LoginTest -->
