<?xml version="1.0" encoding="UTF-8"?>
<!-- Generated by org.testng.reporters.JUnitReportReporter -->
<testsuite hostname="DESKTOP-NHPRK1V" failures="0" tests="1" name="com.pageObjects.Demo" time="0.297" errors="0" timestamp="2024-08-12T19:17:41 IST" skipped="0">
  <testcase classname="com.pageObjects.Demo" name="launch" time="0.297"/>
</testsuite> <!-- com.pageObjects.Demo -->
