<?xml version="1.0" encoding="UTF-8"?>
<!-- Generated by org.testng.reporters.JUnitReportReporter -->
<testsuite hostname="DESKTOP-NHPRK1V" failures="0" tests="1" name="com.testCases.LoginTest" time="2.544" errors="0" timestamp="2024-09-23T22:54:07 IST" skipped="0">
  <testcase classname="com.testCases.LoginTest" name="verify_login" time="2.544"/>
</testsuite> <!-- com.testCases.LoginTest -->
