<?xml version="1.0" encoding="UTF-8"?>
<!-- Generated by org.testng.reporters.JUnitReportReporter -->
<testsuite hostname="DESKTOP-NHPRK1V" failures="0" tests="1" name="com.testCases.AccountRegistrationTest" time="3.622" errors="0" timestamp="2024-09-23T22:54:07 IST" skipped="0">
  <testcase classname="com.testCases.AccountRegistrationTest" name="action" time="3.622"/>
</testsuite> <!-- com.testCases.AccountRegistrationTest -->
